2022-04-06 10:18:12,129 INFO org.springframework.boot.StartupInfoLogger [JavaFX-Launcher] Starting application on DESKTOP-2GDIOJC with PID 5764 (started by USER in D:\thuydien-mng)
2022-04-06 10:18:12,132 INFO org.springframework.boot.SpringApplication [JavaFX-Launcher] No active profile set, falling back to default profiles: default
2022-04-06 10:18:12,155 INFO org.springframework.context.support.AbstractApplicationContext [JavaFX-Launcher] Refreshing org.springframework.context.annotation.AnnotationConfigApplicationContext@5d35145a: startup date [Wed Apr 06 10:18:12 ICT 2022]; root of context hierarchy
2022-04-06 10:18:13,022 INFO org.springframework.orm.jpa.LocalContainerEntityManagerFactoryBean [JavaFX-Launcher] Building JPA container EntityManagerFactory for persistence unit 'default'
2022-04-06 10:18:13,035 INFO org.hibernate.jpa.internal.util.LogHelper [JavaFX-Launcher] HHH000204: Processing PersistenceUnitInfo [
	name: default
	...]
2022-04-06 10:18:13,141 INFO org.hibernate.Version [JavaFX-Launcher] HHH000412: Hibernate Core {5.0.12.Final}
2022-04-06 10:18:13,143 INFO org.hibernate.cfg.Environment [JavaFX-Launcher] HHH000206: hibernate.properties not found
2022-04-06 10:18:13,144 INFO org.hibernate.cfg.Environment [JavaFX-Launcher] HHH000021: Bytecode provider name : javassist
2022-04-06 10:18:13,214 INFO org.hibernate.annotations.common.reflection.java.JavaReflectionManager [JavaFX-Launcher] HCANN000001: Hibernate Commons Annotations {5.0.1.Final}
2022-04-06 10:18:13,426 INFO org.hibernate.dialect.Dialect [JavaFX-Launcher] HHH000400: Using dialect: org.hibernate.dialect.H2Dialect
2022-04-06 10:18:15,048 INFO org.hibernate.tool.hbm2ddl.SchemaUpdate [JavaFX-Launcher] HHH000228: Running hbm2ddl schema update
2022-04-06 10:18:15,122 INFO org.springframework.orm.jpa.AbstractEntityManagerFactoryBean [JavaFX-Launcher] Initialized JPA EntityManagerFactory for persistence unit 'default'
2022-04-06 10:18:15,414 INFO org.hibernate.hql.internal.QueryTranslatorFactoryInitiator [JavaFX-Launcher] HHH000397: Using ASTQueryTranslatorFactory
2022-04-06 10:18:16,168 INFO org.springframework.jmx.export.MBeanExporter [JavaFX-Launcher] Registering beans for JMX exposure on startup
2022-04-06 10:18:16,176 INFO org.springframework.scheduling.annotation.ScheduledAnnotationBeanPostProcessor [JavaFX-Launcher] No TaskScheduler/ScheduledExecutorService bean found for scheduled processing
2022-04-06 10:18:16,183 INFO org.springframework.boot.StartupInfoLogger [JavaFX-Launcher] Started application in 4.294 seconds (JVM running for 5.65)
2022-04-06 10:18:16,224 WARN java.util.logging.LoggingProxyImpl [JavaFX Application Thread] Loading FXML document with JavaFX API of version 11.0.2 by JavaFX runtime of version 8.0.202
2022-04-06 10:18:32,370 ERROR org.springframework.scheduling.support.TaskUtils$LoggingErrorHandler [pool-3-thread-1] Unexpected error occurred in scheduled task.
org.springframework.web.client.ResourceAccessException: I/O error on POST request for "http://quantri.i-lovecandy.com:9999/token/valid": quantri.i-lovecandy.com; nested exception is java.net.UnknownHostException: quantri.i-lovecandy.com
	at org.springframework.web.client.RestTemplate.doExecute(RestTemplate.java:666)
	at org.springframework.web.client.RestTemplate.execute(RestTemplate.java:613)
	at org.springframework.web.client.RestTemplate.postForEntity(RestTemplate.java:407)
	at com.codetreatise.thuydienapp.config.SynchronizeConfig.loginCheck(SynchronizeConfig.java:106)
	at sun.reflect.NativeMethodAccessorImpl.invoke0(Native Method)
	at sun.reflect.NativeMethodAccessorImpl.invoke(NativeMethodAccessorImpl.java:62)
	at sun.reflect.DelegatingMethodAccessorImpl.invoke(DelegatingMethodAccessorImpl.java:43)
	at java.lang.reflect.Method.invoke(Method.java:498)
	at org.springframework.scheduling.support.ScheduledMethodRunnable.run(ScheduledMethodRunnable.java:65)
	at org.springframework.scheduling.support.DelegatingErrorHandlingRunnable.run(DelegatingErrorHandlingRunnable.java:54)
	at java.util.concurrent.Executors$RunnableAdapter.call(Executors.java:511)
	at java.util.concurrent.FutureTask.runAndReset(FutureTask.java:308)
	at java.util.concurrent.ScheduledThreadPoolExecutor$ScheduledFutureTask.access$301(ScheduledThreadPoolExecutor.java:180)
	at java.util.concurrent.ScheduledThreadPoolExecutor$ScheduledFutureTask.run(ScheduledThreadPoolExecutor.java:294)
	at java.util.concurrent.ThreadPoolExecutor.runWorker(ThreadPoolExecutor.java:1149)
	at java.util.concurrent.ThreadPoolExecutor$Worker.run(ThreadPoolExecutor.java:624)
	at java.lang.Thread.run(Thread.java:748)
Caused by: java.net.UnknownHostException: quantri.i-lovecandy.com
	at java.net.AbstractPlainSocketImpl.connect(AbstractPlainSocketImpl.java:184)
	at java.net.PlainSocketImpl.connect(PlainSocketImpl.java:172)
	at java.net.SocksSocketImpl.connect(SocksSocketImpl.java:392)
	at java.net.Socket.connect(Socket.java:589)
	at java.net.Socket.connect(Socket.java:538)
	at sun.net.NetworkClient.doConnect(NetworkClient.java:180)
	at sun.net.www.http.HttpClient.openServer(HttpClient.java:463)
	at sun.net.www.http.HttpClient.openServer(HttpClient.java:558)
	at sun.net.www.http.HttpClient.<init>(HttpClient.java:242)
	at sun.net.www.http.HttpClient.New(HttpClient.java:339)
	at sun.net.www.http.HttpClient.New(HttpClient.java:357)
	at sun.net.www.protocol.http.HttpURLConnection.getNewHttpClient(HttpURLConnection.java:1220)
	at sun.net.www.protocol.http.HttpURLConnection.plainConnect0(HttpURLConnection.java:1156)
	at sun.net.www.protocol.http.HttpURLConnection.plainConnect(HttpURLConnection.java:1050)
	at sun.net.www.protocol.http.HttpURLConnection.connect(HttpURLConnection.java:984)
	at org.springframework.http.client.SimpleBufferingClientHttpRequest.executeInternal(SimpleBufferingClientHttpRequest.java:78)
	at org.springframework.http.client.AbstractBufferingClientHttpRequest.executeInternal(AbstractBufferingClientHttpRequest.java:48)
	at org.springframework.http.client.AbstractClientHttpRequest.execute(AbstractClientHttpRequest.java:53)
	at org.springframework.web.client.RestTemplate.doExecute(RestTemplate.java:652)
	... 16 common frames omitted
2022-04-06 10:18:32,385 INFO com.codetreatise.thuydienapp.config.ftp.SynchronizeFtpConfig [ForkJoinPool.commonPool-worker-1] 200 Type set to I.
 file: test_ftp
2022-04-06 10:23:08,918 INFO com.codetreatise.thuydienapp.config.ftp.SynchronizeFtpConfig [pool-3-thread-1] 200 Type set to I.
 file: test_ftp
2022-04-06 10:23:53,093 INFO org.springframework.context.support.AbstractApplicationContext [Thread-15] Closing org.springframework.context.annotation.AnnotationConfigApplicationContext@5d35145a: startup date [Wed Apr 06 10:18:12 ICT 2022]; root of context hierarchy
2022-04-06 10:23:53,096 INFO org.springframework.jmx.export.MBeanExporter [Thread-15] Unregistering JMX-exposed beans on shutdown
2022-04-06 10:23:53,098 INFO org.springframework.orm.jpa.AbstractEntityManagerFactoryBean [Thread-15] Closing JPA EntityManagerFactory for persistence unit 'default'
2022-04-06 10:24:01,591 INFO org.springframework.boot.StartupInfoLogger [JavaFX-Launcher] Starting application on DESKTOP-2GDIOJC with PID 11096 (started by USER in D:\thuydien-mng)
2022-04-06 10:24:01,593 INFO org.springframework.boot.SpringApplication [JavaFX-Launcher] No active profile set, falling back to default profiles: default
2022-04-06 10:24:01,622 INFO org.springframework.context.support.AbstractApplicationContext [JavaFX-Launcher] Refreshing org.springframework.context.annotation.AnnotationConfigApplicationContext@1a4287b0: startup date [Wed Apr 06 10:24:01 ICT 2022]; root of context hierarchy
2022-04-06 10:24:02,394 INFO org.springframework.orm.jpa.LocalContainerEntityManagerFactoryBean [JavaFX-Launcher] Building JPA container EntityManagerFactory for persistence unit 'default'
2022-04-06 10:24:02,403 INFO org.hibernate.jpa.internal.util.LogHelper [JavaFX-Launcher] HHH000204: Processing PersistenceUnitInfo [
	name: default
	...]
2022-04-06 10:24:02,443 INFO org.hibernate.Version [JavaFX-Launcher] HHH000412: Hibernate Core {5.0.12.Final}
2022-04-06 10:24:02,443 INFO org.hibernate.cfg.Environment [JavaFX-Launcher] HHH000206: hibernate.properties not found
2022-04-06 10:24:02,444 INFO org.hibernate.cfg.Environment [JavaFX-Launcher] HHH000021: Bytecode provider name : javassist
2022-04-06 10:24:02,469 INFO org.hibernate.annotations.common.reflection.java.JavaReflectionManager [JavaFX-Launcher] HCANN000001: Hibernate Commons Annotations {5.0.1.Final}
2022-04-06 10:24:02,536 INFO org.hibernate.dialect.Dialect [JavaFX-Launcher] HHH000400: Using dialect: org.hibernate.dialect.H2Dialect
2022-04-06 10:24:02,801 INFO org.hibernate.tool.hbm2ddl.SchemaUpdate [JavaFX-Launcher] HHH000228: Running hbm2ddl schema update
2022-04-06 10:24:02,857 INFO org.springframework.orm.jpa.AbstractEntityManagerFactoryBean [JavaFX-Launcher] Initialized JPA EntityManagerFactory for persistence unit 'default'
2022-04-06 10:24:03,070 INFO org.hibernate.hql.internal.QueryTranslatorFactoryInitiator [JavaFX-Launcher] HHH000397: Using ASTQueryTranslatorFactory
2022-04-06 10:24:06,301 INFO org.springframework.jmx.export.MBeanExporter [JavaFX-Launcher] Registering beans for JMX exposure on startup
2022-04-06 10:24:06,308 INFO org.springframework.scheduling.annotation.ScheduledAnnotationBeanPostProcessor [JavaFX-Launcher] No TaskScheduler/ScheduledExecutorService bean found for scheduled processing
2022-04-06 10:24:06,316 INFO org.springframework.boot.StartupInfoLogger [JavaFX-Launcher] Started application in 4.989 seconds (JVM running for 9.074)
2022-04-06 10:24:06,344 WARN java.util.logging.LoggingProxyImpl [JavaFX Application Thread] Loading FXML document with JavaFX API of version 11.0.2 by JavaFX runtime of version 8.0.202
2022-04-06 10:24:12,559 ERROR org.springframework.scheduling.support.TaskUtils$LoggingErrorHandler [pool-3-thread-1] Unexpected error occurred in scheduled task.
java.lang.IllegalStateException: Not on FX application thread; currentThread = pool-3-thread-1
	at com.sun.javafx.tk.Toolkit.checkFxUserThread(Toolkit.java:279)
	at com.sun.javafx.tk.quantum.QuantumToolkit.checkFxUserThread(QuantumToolkit.java:423)
	at javafx.stage.Stage.setScene(Stage.java:251)
	at com.codetreatise.thuydienapp.config.StageManager.show(StageManager.java:80)
	at com.codetreatise.thuydienapp.config.StageManager.switchScene(StageManager.java:55)
	at com.codetreatise.thuydienapp.config.StageManager$$FastClassBySpringCGLIB$$3aa47c75.invoke(<generated>)
	at org.springframework.cglib.proxy.MethodProxy.invoke(MethodProxy.java:204)
	at org.springframework.aop.framework.CglibAopProxy$DynamicAdvisedInterceptor.intercept(CglibAopProxy.java:652)
	at com.codetreatise.thuydienapp.config.StageManager$$EnhancerBySpringCGLIB$$c7201c30.switchScene(<generated>)
	at com.codetreatise.thuydienapp.config.SynchronizeConfig.loginCheck(SynchronizeConfig.java:117)
	at sun.reflect.NativeMethodAccessorImpl.invoke0(Native Method)
	at sun.reflect.NativeMethodAccessorImpl.invoke(NativeMethodAccessorImpl.java:62)
	at sun.reflect.DelegatingMethodAccessorImpl.invoke(DelegatingMethodAccessorImpl.java:43)
	at java.lang.reflect.Method.invoke(Method.java:498)
	at org.springframework.scheduling.support.ScheduledMethodRunnable.run(ScheduledMethodRunnable.java:65)
	at org.springframework.scheduling.support.DelegatingErrorHandlingRunnable.run(DelegatingErrorHandlingRunnable.java:54)
	at java.util.concurrent.Executors$RunnableAdapter.call(Executors.java:511)
	at java.util.concurrent.FutureTask.runAndReset(FutureTask.java:308)
	at java.util.concurrent.ScheduledThreadPoolExecutor$ScheduledFutureTask.access$301(ScheduledThreadPoolExecutor.java:180)
	at java.util.concurrent.ScheduledThreadPoolExecutor$ScheduledFutureTask.run(ScheduledThreadPoolExecutor.java:294)
	at java.util.concurrent.ThreadPoolExecutor.runWorker(ThreadPoolExecutor.java:1149)
	at java.util.concurrent.ThreadPoolExecutor$Worker.run(ThreadPoolExecutor.java:624)
	at java.lang.Thread.run(Thread.java:748)
2022-04-06 10:32:16,144 INFO org.springframework.context.support.AbstractApplicationContext [Thread-9] Closing org.springframework.context.annotation.AnnotationConfigApplicationContext@1a4287b0: startup date [Wed Apr 06 10:24:01 ICT 2022]; root of context hierarchy
2022-04-06 10:32:16,147 INFO org.springframework.jmx.export.MBeanExporter [Thread-9] Unregistering JMX-exposed beans on shutdown
2022-04-06 10:32:16,148 INFO org.springframework.orm.jpa.AbstractEntityManagerFactoryBean [Thread-9] Closing JPA EntityManagerFactory for persistence unit 'default'
2022-04-06 10:32:23,130 INFO org.springframework.boot.StartupInfoLogger [JavaFX-Launcher] Starting application on DESKTOP-2GDIOJC with PID 18288 (started by USER in D:\thuydien-mng)
2022-04-06 10:32:23,132 INFO org.springframework.boot.SpringApplication [JavaFX-Launcher] No active profile set, falling back to default profiles: default
2022-04-06 10:32:23,158 INFO org.springframework.context.support.AbstractApplicationContext [JavaFX-Launcher] Refreshing org.springframework.context.annotation.AnnotationConfigApplicationContext@cdfa293: startup date [Wed Apr 06 10:32:23 ICT 2022]; root of context hierarchy
2022-04-06 10:32:23,925 INFO org.springframework.orm.jpa.LocalContainerEntityManagerFactoryBean [JavaFX-Launcher] Building JPA container EntityManagerFactory for persistence unit 'default'
2022-04-06 10:32:23,934 INFO org.hibernate.jpa.internal.util.LogHelper [JavaFX-Launcher] HHH000204: Processing PersistenceUnitInfo [
	name: default
	...]
2022-04-06 10:32:23,974 INFO org.hibernate.Version [JavaFX-Launcher] HHH000412: Hibernate Core {5.0.12.Final}
2022-04-06 10:32:23,975 INFO org.hibernate.cfg.Environment [JavaFX-Launcher] HHH000206: hibernate.properties not found
2022-04-06 10:32:23,975 INFO org.hibernate.cfg.Environment [JavaFX-Launcher] HHH000021: Bytecode provider name : javassist
2022-04-06 10:32:24,000 INFO org.hibernate.annotations.common.reflection.java.JavaReflectionManager [JavaFX-Launcher] HCANN000001: Hibernate Commons Annotations {5.0.1.Final}
2022-04-06 10:32:24,068 INFO org.hibernate.dialect.Dialect [JavaFX-Launcher] HHH000400: Using dialect: org.hibernate.dialect.H2Dialect
2022-04-06 10:32:24,350 INFO org.hibernate.tool.hbm2ddl.SchemaUpdate [JavaFX-Launcher] HHH000228: Running hbm2ddl schema update
2022-04-06 10:32:24,408 INFO org.springframework.orm.jpa.AbstractEntityManagerFactoryBean [JavaFX-Launcher] Initialized JPA EntityManagerFactory for persistence unit 'default'
2022-04-06 10:32:24,436 INFO com.codetreatise.thuydienapp.config.modbus.master.ModbusMasterStart [JavaFX-Launcher] START modbus server: Thread-8 on port: 503
2022-04-06 10:32:24,436 INFO com.codetreatise.thuydienapp.config.modbus.master.ModbusMasterStart [JavaFX-Launcher] Modbus server is running? true
2022-04-06 10:32:24,626 INFO org.hibernate.hql.internal.QueryTranslatorFactoryInitiator [JavaFX-Launcher] HHH000397: Using ASTQueryTranslatorFactory
2022-04-06 10:32:27,861 INFO org.springframework.jmx.export.MBeanExporter [JavaFX-Launcher] Registering beans for JMX exposure on startup
2022-04-06 10:32:27,868 INFO org.springframework.scheduling.annotation.ScheduledAnnotationBeanPostProcessor [JavaFX-Launcher] No TaskScheduler/ScheduledExecutorService bean found for scheduled processing
2022-04-06 10:32:27,874 INFO org.springframework.boot.StartupInfoLogger [JavaFX-Launcher] Started application in 5.009 seconds (JVM running for 7.855)
2022-04-06 10:32:32,921 ERROR org.springframework.scheduling.support.TaskUtils$LoggingErrorHandler [pool-3-thread-1] Unexpected error occurred in scheduled task.
java.lang.IllegalStateException: Not on FX application thread; currentThread = pool-3-thread-1
	at com.sun.javafx.tk.Toolkit.checkFxUserThread(Toolkit.java:279)
	at com.sun.javafx.tk.quantum.QuantumToolkit.checkFxUserThread(QuantumToolkit.java:423)
	at javafx.stage.Stage.setScene(Stage.java:251)
	at com.codetreatise.thuydienapp.config.StageManager.show(StageManager.java:80)
	at com.codetreatise.thuydienapp.config.StageManager.switchScene(StageManager.java:55)
	at com.codetreatise.thuydienapp.config.StageManager$$FastClassBySpringCGLIB$$3aa47c75.invoke(<generated>)
	at org.springframework.cglib.proxy.MethodProxy.invoke(MethodProxy.java:204)
	at org.springframework.aop.framework.CglibAopProxy$DynamicAdvisedInterceptor.intercept(CglibAopProxy.java:652)
	at com.codetreatise.thuydienapp.config.StageManager$$EnhancerBySpringCGLIB$$c7201c30.switchScene(<generated>)
	at com.codetreatise.thuydienapp.config.SynchronizeConfig.loginCheck(SynchronizeConfig.java:120)
	at sun.reflect.NativeMethodAccessorImpl.invoke0(Native Method)
	at sun.reflect.NativeMethodAccessorImpl.invoke(NativeMethodAccessorImpl.java:62)
	at sun.reflect.DelegatingMethodAccessorImpl.invoke(DelegatingMethodAccessorImpl.java:43)
	at java.lang.reflect.Method.invoke(Method.java:498)
	at org.springframework.scheduling.support.ScheduledMethodRunnable.run(ScheduledMethodRunnable.java:65)
	at org.springframework.scheduling.support.DelegatingErrorHandlingRunnable.run(DelegatingErrorHandlingRunnable.java:54)
	at java.util.concurrent.Executors$RunnableAdapter.call(Executors.java:511)
	at java.util.concurrent.FutureTask.runAndReset(FutureTask.java:308)
	at java.util.concurrent.ScheduledThreadPoolExecutor$ScheduledFutureTask.access$301(ScheduledThreadPoolExecutor.java:180)
	at java.util.concurrent.ScheduledThreadPoolExecutor$ScheduledFutureTask.run(ScheduledThreadPoolExecutor.java:294)
	at java.util.concurrent.ThreadPoolExecutor.runWorker(ThreadPoolExecutor.java:1149)
	at java.util.concurrent.ThreadPoolExecutor$Worker.run(ThreadPoolExecutor.java:624)
	at java.lang.Thread.run(Thread.java:748)
2022-04-06 10:32:39,664 WARN java.util.logging.LoggingProxyImpl [JavaFX Application Thread] Loading FXML document with JavaFX API of version 11.0.2 by JavaFX runtime of version 8.0.202
2022-04-06 10:32:47,886 INFO com.codetreatise.thuydienapp.config.ftp.SynchronizeFtpConfig [ForkJoinPool.commonPool-worker-1] 200 Type set to I.
 file: test_ftp
2022-04-06 10:37:08,201 INFO com.codetreatise.thuydienapp.config.ftp.SynchronizeFtpConfig [ForkJoinPool.commonPool-worker-1] 200 Type set to I.
 file: test_ftp
2022-04-06 10:42:08,480 INFO com.codetreatise.thuydienapp.config.ftp.SynchronizeFtpConfig [ForkJoinPool.commonPool-worker-1] 200 Type set to I.
 file: test_ftp
2022-04-06 10:42:24,778 WARN java.util.logging.LoggingProxyImpl [JavaFX Application Thread] Loading FXML document with JavaFX API of version 11.0.2 by JavaFX runtime of version 8.0.202
2022-04-06 10:42:29,097 WARN java.util.logging.LoggingProxyImpl [JavaFX Application Thread] Loading FXML document with JavaFX API of version 11.0.2 by JavaFX runtime of version 8.0.202
2022-04-06 10:44:09,052 WARN java.util.logging.LoggingProxyImpl [JavaFX Application Thread] Loading FXML document with JavaFX API of version 11.0.2 by JavaFX runtime of version 8.0.202
2022-04-06 10:44:30,899 INFO com.codetreatise.thuydienapp.config.SynchronizeConfig [pool-3-thread-1] key 1 : 2.22
2022-04-06 10:47:08,821 INFO com.codetreatise.thuydienapp.config.ftp.SynchronizeFtpConfig [ForkJoinPool.commonPool-worker-1] 200 Type set to I.
 file: test_ftp
2022-04-06 10:49:00,958 INFO com.codetreatise.thuydienapp.config.SynchronizeConfig [pool-3-thread-1] key 1 : 33.333
2022-04-06 10:52:09,129 INFO com.codetreatise.thuydienapp.config.ftp.SynchronizeFtpConfig [ForkJoinPool.commonPool-worker-1] 200 Type set to I.
 file: test_ftp
2022-04-06 10:53:36,661 INFO org.springframework.context.support.AbstractApplicationContext [Thread-11] Closing org.springframework.context.annotation.AnnotationConfigApplicationContext@cdfa293: startup date [Wed Apr 06 10:32:23 ICT 2022]; root of context hierarchy
2022-04-06 10:53:36,665 INFO org.springframework.jmx.export.MBeanExporter [Thread-11] Unregistering JMX-exposed beans on shutdown
2022-04-06 10:53:36,665 INFO org.springframework.orm.jpa.AbstractEntityManagerFactoryBean [Thread-11] Closing JPA EntityManagerFactory for persistence unit 'default'
2022-04-06 11:02:04,046 INFO org.springframework.boot.StartupInfoLogger [JavaFX-Launcher] Starting application on DESKTOP-2GDIOJC with PID 10876 (started by USER in D:\thuydien-mng)
2022-04-06 11:02:04,049 INFO org.springframework.boot.SpringApplication [JavaFX-Launcher] No active profile set, falling back to default profiles: default
2022-04-06 11:02:04,088 INFO org.springframework.context.support.AbstractApplicationContext [JavaFX-Launcher] Refreshing org.springframework.context.annotation.AnnotationConfigApplicationContext@29e7321b: startup date [Wed Apr 06 11:02:04 ICT 2022]; root of context hierarchy
2022-04-06 11:02:05,017 INFO org.springframework.orm.jpa.LocalContainerEntityManagerFactoryBean [JavaFX-Launcher] Building JPA container EntityManagerFactory for persistence unit 'default'
2022-04-06 11:02:05,027 INFO org.hibernate.jpa.internal.util.LogHelper [JavaFX-Launcher] HHH000204: Processing PersistenceUnitInfo [
	name: default
	...]
2022-04-06 11:02:05,078 INFO org.hibernate.Version [JavaFX-Launcher] HHH000412: Hibernate Core {5.0.12.Final}
2022-04-06 11:02:05,079 INFO org.hibernate.cfg.Environment [JavaFX-Launcher] HHH000206: hibernate.properties not found
2022-04-06 11:02:05,080 INFO org.hibernate.cfg.Environment [JavaFX-Launcher] HHH000021: Bytecode provider name : javassist
2022-04-06 11:02:05,111 INFO org.hibernate.annotations.common.reflection.java.JavaReflectionManager [JavaFX-Launcher] HCANN000001: Hibernate Commons Annotations {5.0.1.Final}
2022-04-06 11:02:05,198 INFO org.hibernate.dialect.Dialect [JavaFX-Launcher] HHH000400: Using dialect: org.hibernate.dialect.H2Dialect
2022-04-06 11:02:05,526 INFO org.hibernate.tool.hbm2ddl.SchemaUpdate [JavaFX-Launcher] HHH000228: Running hbm2ddl schema update
2022-04-06 11:02:05,643 INFO org.springframework.orm.jpa.AbstractEntityManagerFactoryBean [JavaFX-Launcher] Initialized JPA EntityManagerFactory for persistence unit 'default'
2022-04-06 11:02:05,851 INFO org.hibernate.hql.internal.QueryTranslatorFactoryInitiator [JavaFX-Launcher] HHH000397: Using ASTQueryTranslatorFactory
2022-04-06 11:02:08,796 INFO org.springframework.jmx.export.MBeanExporter [JavaFX-Launcher] Registering beans for JMX exposure on startup
2022-04-06 11:02:08,805 INFO org.springframework.scheduling.annotation.ScheduledAnnotationBeanPostProcessor [JavaFX-Launcher] No TaskScheduler/ScheduledExecutorService bean found for scheduled processing
2022-04-06 11:02:08,813 INFO org.springframework.boot.StartupInfoLogger [JavaFX-Launcher] Started application in 5.094 seconds (JVM running for 7.755)
2022-04-06 11:02:08,845 WARN java.util.logging.LoggingProxyImpl [JavaFX Application Thread] Loading FXML document with JavaFX API of version 11.0.2 by JavaFX runtime of version 8.0.202
2022-04-06 11:02:13,852 ERROR com.codetreatise.thuydienapp.config.SynchronizeConfig [pool-3-thread-1] Connection refused: connect
2022-04-06 11:02:13,909 ERROR org.springframework.scheduling.support.TaskUtils$LoggingErrorHandler [pool-3-thread-1] Unexpected error occurred in scheduled task.
java.lang.ClassCastException: com.codetreatise.thuydienapp.config.ftp.FtpArgSaved cannot be cast to com.codetreatise.thuydienapp.config.modbus.master.ModbusMasterArg
	at com.codetreatise.thuydienapp.config.modbus.master.ModbusMasterConfig.getModbusConfig(ModbusMasterConfig.java:53)
	at com.codetreatise.thuydienapp.config.modbus.master.ModbusMasterStart.createModbusMaster(ModbusMasterStart.java:21)
	at sun.reflect.NativeMethodAccessorImpl.invoke0(Native Method)
	at sun.reflect.NativeMethodAccessorImpl.invoke(NativeMethodAccessorImpl.java:62)
	at sun.reflect.DelegatingMethodAccessorImpl.invoke(DelegatingMethodAccessorImpl.java:43)
	at java.lang.reflect.Method.invoke(Method.java:498)
	at org.springframework.scheduling.support.ScheduledMethodRunnable.run(ScheduledMethodRunnable.java:65)
	at org.springframework.scheduling.support.DelegatingErrorHandlingRunnable.run(DelegatingErrorHandlingRunnable.java:54)
	at java.util.concurrent.Executors$RunnableAdapter.call(Executors.java:511)
	at java.util.concurrent.FutureTask.runAndReset$$$capture(FutureTask.java:308)
	at java.util.concurrent.FutureTask.runAndReset(FutureTask.java)
	at java.util.concurrent.ScheduledThreadPoolExecutor$ScheduledFutureTask.access$301(ScheduledThreadPoolExecutor.java:180)
	at java.util.concurrent.ScheduledThreadPoolExecutor$ScheduledFutureTask.run(ScheduledThreadPoolExecutor.java:294)
	at java.util.concurrent.ThreadPoolExecutor.runWorker(ThreadPoolExecutor.java:1149)
	at java.util.concurrent.ThreadPoolExecutor$Worker.run(ThreadPoolExecutor.java:624)
	at java.lang.Thread.run(Thread.java:748)
2022-04-06 11:02:15,135 ERROR com.codetreatise.thuydienapp.config.StageManager [JavaFX Application Thread] Unable to load FXML view/fxml/ModbusServerConfig.fxml
java.lang.ClassCastException: com.codetreatise.thuydienapp.config.ftp.FtpArgSaved cannot be cast to com.codetreatise.thuydienapp.config.modbus.master.ModbusMasterArg
	at com.codetreatise.thuydienapp.config.modbus.master.ModbusMasterConfig.getModbusConfig(ModbusMasterConfig.java:53)
	at com.codetreatise.thuydienapp.controller.ModbusServerConfig.initialize(ModbusServerConfig.java:47)
	at javafx.fxml.FXMLLoader.loadImpl(FXMLLoader.java:2548)
	at javafx.fxml.FXMLLoader.loadImpl(FXMLLoader.java:2441)
	at javafx.fxml.FXMLLoader.load(FXMLLoader.java:2409)
	at com.codetreatise.thuydienapp.config.SpringFXMLLoader.load(SpringFXMLLoader.java:34)
	at com.codetreatise.thuydienapp.config.StageManager.loadViewNodeHierarchy(StageManager.java:110)
	at com.codetreatise.thuydienapp.config.StageManager.createModal(StageManager.java:59)
	at com.codetreatise.thuydienapp.config.StageManager$$FastClassBySpringCGLIB$$3aa47c75.invoke(<generated>)
	at org.springframework.cglib.proxy.MethodProxy.invoke(MethodProxy.java:204)
	at org.springframework.aop.framework.CglibAopProxy$DynamicAdvisedInterceptor.intercept(CglibAopProxy.java:652)
	at com.codetreatise.thuydienapp.config.StageManager$$EnhancerBySpringCGLIB$$c7201c30.createModal(<generated>)
	at com.codetreatise.thuydienapp.controller.BaseController.modbusServerConfig(BaseController.java:68)
	at sun.reflect.NativeMethodAccessorImpl.invoke0(Native Method)
	at sun.reflect.NativeMethodAccessorImpl.invoke(NativeMethodAccessorImpl.java:62)
	at sun.reflect.DelegatingMethodAccessorImpl.invoke(DelegatingMethodAccessorImpl.java:43)
	at java.lang.reflect.Method.invoke(Method.java:498)
	at sun.reflect.misc.Trampoline.invoke(MethodUtil.java:71)
	at sun.reflect.GeneratedMethodAccessor23.invoke(Unknown Source)
	at sun.reflect.DelegatingMethodAccessorImpl.invoke(DelegatingMethodAccessorImpl.java:43)
	at java.lang.reflect.Method.invoke(Method.java:498)
	at sun.reflect.misc.MethodUtil.invoke(MethodUtil.java:275)
	at javafx.fxml.FXMLLoader$MethodHandler.invoke(FXMLLoader.java:1769)
	at javafx.fxml.FXMLLoader$ControllerMethodEventHandler.handle(FXMLLoader.java:1657)
	at com.sun.javafx.event.CompositeEventHandler.dispatchBubblingEvent(CompositeEventHandler.java:86)
	at com.sun.javafx.event.EventHandlerManager.dispatchBubblingEvent(EventHandlerManager.java:238)
	at com.sun.javafx.event.EventHandlerManager.dispatchBubblingEvent(EventHandlerManager.java:191)
	at com.sun.javafx.event.BasicEventDispatcher.dispatchEvent(BasicEventDispatcher.java:58)
	at com.sun.javafx.event.EventDispatchChainImpl.dispatchEvent(EventDispatchChainImpl.java:114)
	at com.sun.javafx.event.EventUtil.fireEventImpl(EventUtil.java:74)
	at com.sun.javafx.event.EventUtil.fireEvent(EventUtil.java:49)
	at javafx.event.Event.fireEvent(Event.java:198)
	at javafx.scene.control.MenuItem.fire(MenuItem.java:462)
	at com.sun.javafx.scene.control.skin.ContextMenuContent$MenuItemContainer.doSelect(ContextMenuContent.java:1405)
	at com.sun.javafx.scene.control.skin.ContextMenuContent$MenuItemContainer.lambda$createChildren$343(ContextMenuContent.java:1358)
	at com.sun.javafx.event.CompositeEventHandler$NormalEventHandlerRecord.handleBubblingEvent(CompositeEventHandler.java:218)
	at com.sun.javafx.event.CompositeEventHandler.dispatchBubblingEvent(CompositeEventHandler.java:80)
	at com.sun.javafx.event.EventHandlerManager.dispatchBubblingEvent(EventHandlerManager.java:238)
	at com.sun.javafx.event.EventHandlerManager.dispatchBubblingEvent(EventHandlerManager.java:191)
	at com.sun.javafx.event.CompositeEventDispatcher.dispatchBubblingEvent(CompositeEventDispatcher.java:59)
	at com.sun.javafx.event.BasicEventDispatcher.dispatchEvent(BasicEventDispatcher.java:58)
	at com.sun.javafx.event.EventDispatchChainImpl.dispatchEvent(EventDispatchChainImpl.java:114)
	at com.sun.javafx.event.BasicEventDispatcher.dispatchEvent(BasicEventDispatcher.java:56)
	at com.sun.javafx.event.EventDispatchChainImpl.dispatchEvent(EventDispatchChainImpl.java:114)
	at com.sun.javafx.event.BasicEventDispatcher.dispatchEvent(BasicEventDispatcher.java:56)
	at com.sun.javafx.event.EventDispatchChainImpl.dispatchEvent(EventDispatchChainImpl.java:114)
	at com.sun.javafx.event.BasicEventDispatcher.dispatchEvent(BasicEventDispatcher.java:56)
	at com.sun.javafx.event.EventDispatchChainImpl.dispatchEvent(EventDispatchChainImpl.java:114)
	at com.sun.javafx.event.EventUtil.fireEventImpl(EventUtil.java:74)
	at com.sun.javafx.event.EventUtil.fireEvent(EventUtil.java:54)
	at javafx.event.Event.fireEvent(Event.java:198)
	at javafx.scene.Scene$MouseHandler.process(Scene.java:3757)
	at javafx.scene.Scene$MouseHandler.access$1500(Scene.java:3485)
	at javafx.scene.Scene.impl_processMouseEvent(Scene.java:1762)
	at javafx.scene.Scene$ScenePeerListener.mouseEvent(Scene.java:2494)
	at com.sun.javafx.tk.quantum.GlassViewEventHandler$MouseEventNotification.run(GlassViewEventHandler.java:394)
	at com.sun.javafx.tk.quantum.GlassViewEventHandler$MouseEventNotification.run(GlassViewEventHandler.java:295)
	at java.security.AccessController.doPrivileged(Native Method)
	at com.sun.javafx.tk.quantum.GlassViewEventHandler.lambda$handleMouseEvent$358(GlassViewEventHandler.java:432)
	at com.sun.javafx.tk.quantum.QuantumToolkit.runWithoutRenderLock(QuantumToolkit.java:389)
	at com.sun.javafx.tk.quantum.GlassViewEventHandler.handleMouseEvent(GlassViewEventHandler.java:431)
	at com.sun.glass.ui.View.handleMouseEvent(View.java:555)
	at com.sun.glass.ui.View.notifyMouse(View.java:937)
	at com.sun.glass.ui.win.WinApplication._runLoop(Native Method)
	at com.sun.glass.ui.win.WinApplication.lambda$null$152(WinApplication.java:177)
	at java.lang.Thread.run(Thread.java:748)
2022-04-06 11:02:15,138 INFO org.springframework.context.support.AbstractApplicationContext [JavaFX Application Thread] Closing org.springframework.context.annotation.AnnotationConfigApplicationContext@29e7321b: startup date [Wed Apr 06 11:02:04 ICT 2022]; root of context hierarchy
2022-04-06 11:02:15,140 INFO org.springframework.jmx.export.MBeanExporter [JavaFX Application Thread] Unregistering JMX-exposed beans on shutdown
2022-04-06 11:02:15,141 INFO org.springframework.orm.jpa.AbstractEntityManagerFactoryBean [JavaFX Application Thread] Closing JPA EntityManagerFactory for persistence unit 'default'
2022-04-06 11:03:04,231 INFO org.springframework.boot.StartupInfoLogger [JavaFX-Launcher] Starting application on DESKTOP-2GDIOJC with PID 10728 (started by USER in D:\thuydien-mng)
2022-04-06 11:03:04,235 INFO org.springframework.boot.SpringApplication [JavaFX-Launcher] No active profile set, falling back to default profiles: default
2022-04-06 11:03:04,278 INFO org.springframework.context.support.AbstractApplicationContext [JavaFX-Launcher] Refreshing org.springframework.context.annotation.AnnotationConfigApplicationContext@5b650bda: startup date [Wed Apr 06 11:03:04 ICT 2022]; root of context hierarchy
2022-04-06 11:03:05,254 INFO org.springframework.orm.jpa.LocalContainerEntityManagerFactoryBean [JavaFX-Launcher] Building JPA container EntityManagerFactory for persistence unit 'default'
2022-04-06 11:03:05,264 INFO org.hibernate.jpa.internal.util.LogHelper [JavaFX-Launcher] HHH000204: Processing PersistenceUnitInfo [
	name: default
	...]
2022-04-06 11:03:05,318 INFO org.hibernate.Version [JavaFX-Launcher] HHH000412: Hibernate Core {5.0.12.Final}
2022-04-06 11:03:05,319 INFO org.hibernate.cfg.Environment [JavaFX-Launcher] HHH000206: hibernate.properties not found
2022-04-06 11:03:05,320 INFO org.hibernate.cfg.Environment [JavaFX-Launcher] HHH000021: Bytecode provider name : javassist
2022-04-06 11:03:05,350 INFO org.hibernate.annotations.common.reflection.java.JavaReflectionManager [JavaFX-Launcher] HCANN000001: Hibernate Commons Annotations {5.0.1.Final}
2022-04-06 11:03:05,442 INFO org.hibernate.dialect.Dialect [JavaFX-Launcher] HHH000400: Using dialect: org.hibernate.dialect.H2Dialect
2022-04-06 11:03:05,773 INFO org.hibernate.tool.hbm2ddl.SchemaUpdate [JavaFX-Launcher] HHH000228: Running hbm2ddl schema update
2022-04-06 11:03:05,895 INFO org.springframework.orm.jpa.AbstractEntityManagerFactoryBean [JavaFX-Launcher] Initialized JPA EntityManagerFactory for persistence unit 'default'
2022-04-06 11:03:06,102 INFO org.hibernate.hql.internal.QueryTranslatorFactoryInitiator [JavaFX-Launcher] HHH000397: Using ASTQueryTranslatorFactory
2022-04-06 11:03:08,972 INFO org.springframework.jmx.export.MBeanExporter [JavaFX-Launcher] Registering beans for JMX exposure on startup
2022-04-06 11:03:08,981 INFO org.springframework.scheduling.annotation.ScheduledAnnotationBeanPostProcessor [JavaFX-Launcher] No TaskScheduler/ScheduledExecutorService bean found for scheduled processing
2022-04-06 11:03:08,989 INFO org.springframework.boot.StartupInfoLogger [JavaFX-Launcher] Started application in 5.086 seconds (JVM running for 10.532)
2022-04-06 11:03:09,025 WARN java.util.logging.LoggingProxyImpl [JavaFX Application Thread] Loading FXML document with JavaFX API of version 11.0.2 by JavaFX runtime of version 8.0.202
2022-04-06 11:03:19,001 INFO com.codetreatise.thuydienapp.config.ftp.SynchronizeFtpConfig [ForkJoinPool.commonPool-worker-1] 200 Type set to I.
 file: test_ftp
2022-04-06 11:03:43,992 INFO com.codetreatise.thuydienapp.config.modbus.master.ModbusMasterStart [pool-3-thread-1] START modbus server: modbus 1 on port: 502
2022-04-06 11:03:43,993 INFO com.codetreatise.thuydienapp.config.modbus.master.ModbusMasterStart [pool-3-thread-1] Modbus server is running? true
2022-04-06 11:04:12,120 WARN java.util.logging.LoggingProxyImpl [JavaFX Application Thread] Loading FXML document with JavaFX API of version 11.0.2 by JavaFX runtime of version 8.0.202
2022-04-06 11:04:15,602 WARN java.util.logging.LoggingProxyImpl [JavaFX Application Thread] Loading FXML document with JavaFX API of version 11.0.2 by JavaFX runtime of version 8.0.202
2022-04-06 11:04:18,514 WARN java.util.logging.LoggingProxyImpl [JavaFX Application Thread] Loading FXML document with JavaFX API of version 11.0.1 by JavaFX runtime of version 8.0.202
2022-04-06 11:04:24,738 WARN java.util.logging.LoggingProxyImpl [JavaFX Application Thread] Loading FXML document with JavaFX API of version 11.0.1 by JavaFX runtime of version 8.0.202
2022-04-06 11:04:28,049 WARN java.util.logging.LoggingProxyImpl [JavaFX Application Thread] Loading FXML document with JavaFX API of version 11.0.2 by JavaFX runtime of version 8.0.202
2022-04-06 11:04:36,464 WARN java.util.logging.LoggingProxyImpl [JavaFX Application Thread] Loading FXML document with JavaFX API of version 11.0.2 by JavaFX runtime of version 8.0.202
2022-04-06 11:07:14,022 ERROR com.codetreatise.thuydienapp.config.SynchronizeConfig [pool-3-thread-1] Connection refused: connect
2022-04-06 11:08:09,336 INFO com.codetreatise.thuydienapp.config.ftp.SynchronizeFtpConfig [ForkJoinPool.commonPool-worker-1] 200 Type set to I.
 file: test_ftp
2022-04-06 11:11:44,032 INFO com.codetreatise.thuydienapp.config.SynchronizeConfig [pool-3-thread-1] key 1 : 11.23
2022-04-06 11:13:09,501 INFO com.codetreatise.thuydienapp.config.ftp.SynchronizeFtpConfig [ForkJoinPool.commonPool-worker-1] 200 Type set to I.
 file: test_ftp
2022-04-06 11:13:14,105 INFO com.codetreatise.thuydienapp.config.SynchronizeConfig [pool-3-thread-1] key 1 : 11.23
2022-04-06 11:13:17,934 INFO org.springframework.context.support.AbstractApplicationContext [Thread-10] Closing org.springframework.context.annotation.AnnotationConfigApplicationContext@5b650bda: startup date [Wed Apr 06 11:03:04 ICT 2022]; root of context hierarchy
2022-04-06 11:13:17,936 INFO org.springframework.jmx.export.MBeanExporter [Thread-10] Unregistering JMX-exposed beans on shutdown
2022-04-06 11:13:17,939 INFO org.springframework.orm.jpa.AbstractEntityManagerFactoryBean [Thread-10] Closing JPA EntityManagerFactory for persistence unit 'default'
